2017-12-15 22:21:51,192 INFO starting project
2017-12-15 22:21:51,192 INFO ## analysing resources/wiki-Vote.txt network
2017-12-15 22:21:51,582 INFO number of nodes in the graph: 7115
2017-12-15 22:22:07,764 INFO nodes and edges of lscc: 1300, 39456
2017-12-15 22:22:26,310 INFO computed shortest path lengths
2017-12-15 22:22:26,409 INFO mean distance: 2.877068047337278
2017-12-15 22:22:26,518 INFO median distance: 3.0
2017-12-15 22:22:44,691 INFO diameter: 9
2017-12-15 22:23:03,329 INFO effective diameter: 9
2017-12-15 22:23:03,806 INFO nodes and edges of lwcc: 7066, 103663
2017-12-15 22:41:30,069 INFO computed shortest path lengths
2017-12-15 22:41:32,331 INFO mean distance: 3.247050393567936
2017-12-15 22:41:37,255 INFO median distance: 3.0
2017-12-15 22:59:07,203 INFO diameter: 7
2017-12-15 23:16:10,583 INFO effective diameter: 7
2017-12-15 23:16:10,664 INFO ## analysis done!
2017-12-17 12:05:17,592 INFO starting project
2017-12-17 12:05:17,592 INFO ## analysing resources/wiki-Vote.txt network
2017-12-17 12:05:18,362 INFO number of nodes in the graph: 7115
2017-12-17 12:06:03,945 INFO nodes and edges of lscc: 1300, 39456
2017-12-17 12:06:41,190 INFO computed shortest path lengths
2017-12-17 12:06:41,315 INFO mean distance: 2.877068047337278
2017-12-17 12:06:41,439 INFO median distance: 3.0
2017-12-17 12:07:20,594 INFO diameter: 9
2017-12-17 12:07:20,714 INFO effective diameter: 4.0
2017-12-17 12:07:20,718 INFO ## analysis done!
2017-12-17 12:07:50,900 INFO starting project
2017-12-17 12:07:50,900 INFO ## analysing resources/wiki-Vote.txt network
2017-12-17 12:07:51,689 INFO number of nodes in the graph: 7115
2017-12-17 12:08:38,028 INFO nodes and edges of lscc: 1300, 39456
2017-12-17 12:12:10,704 INFO starting project
2017-12-17 12:12:10,704 INFO ## analysing resources/wiki-Vote.txt network
2017-12-17 12:12:11,468 INFO number of nodes in the graph: 7115
2017-12-17 12:12:59,130 INFO nodes and edges of lscc: 1300, 39456
2017-12-17 12:13:32,461 INFO computed shortest path lengths
2017-12-17 12:13:32,575 INFO mean distance: 2.877068047337278
2017-12-17 12:13:32,694 INFO median distance: 3.0
2017-12-17 12:13:32,696 INFO diameter: 8271
2017-12-17 12:13:32,814 INFO effective diameter: 4.0
2017-12-17 12:13:32,818 INFO ## analysis done!
2017-12-17 12:59:37,513 INFO starting project
2017-12-17 12:59:37,513 INFO ## analysing resources/wiki-Vote.txt network
2017-12-17 12:59:38,459 INFO number of nodes in the graph: 7115
2017-12-17 13:00:21,894 INFO nodes and edges of lscc: 1300, 39456
2017-12-17 13:20:49,800 INFO starting project
2017-12-17 13:20:49,800 INFO ## analysing resources/wiki-Vote.txt network
2017-12-17 13:20:50,593 INFO number of nodes in the graph: 7115
2017-12-17 13:21:36,306 INFO nodes and edges of lscc: 1300, 39456
2017-12-17 13:22:41,969 INFO computed shortest path lengths
2017-12-17 13:22:42,107 INFO mean distance: 2.877068047337278
2017-12-17 13:22:42,196 INFO median distance: 3.0
2017-12-17 13:22:42,197 INFO diameter: 8271
2017-12-17 13:22:42,404 INFO effective diameter: 4.0
2017-12-17 13:22:42,408 INFO ## analysis done!
2017-12-17 14:00:30,935 INFO starting project
2017-12-17 14:00:30,936 INFO ## analysing resources/wiki-Vote.txt network
2017-12-17 14:00:31,712 INFO number of nodes in the graph: 7115
2017-12-17 14:01:14,513 INFO nodes and edges of lscc: 1300, 39456
2017-12-17 14:08:55,022 INFO starting project
2017-12-17 14:08:55,023 INFO ## analysing resources/wiki-Vote.txt network
2017-12-17 14:08:55,772 INFO number of nodes in the graph: 7115
2017-12-17 14:09:38,994 INFO nodes and edges of lscc: 1300, 39456
2017-12-17 14:09:55,449 INFO computed shortest path lengths
2017-12-17 14:09:55,455 INFO mean distance: nan
2017-12-17 14:09:55,456 INFO median distance: nan
2017-12-17 14:09:55,457 INFO diameter: 8271
2017-12-17 14:10:50,634 INFO starting project
2017-12-17 14:10:50,634 INFO ## analysing resources/wiki-Vote.txt network
2017-12-17 14:10:51,358 INFO number of nodes in the graph: 7115
2017-12-17 14:11:36,843 INFO nodes and edges of lscc: 1300, 39456
2017-12-17 14:11:53,932 INFO computed shortest path lengths
2017-12-17 14:11:53,937 INFO mean distance: nan
2017-12-17 14:11:53,938 INFO median distance: nan
2017-12-17 14:11:53,938 INFO diameter: 8271
2017-12-17 14:12:08,441 INFO starting project
2017-12-17 14:12:08,441 INFO ## analysing resources/wiki-Vote.txt network
2017-12-17 14:12:09,230 INFO number of nodes in the graph: 7115
2017-12-17 14:12:53,407 INFO nodes and edges of lscc: 1300, 39456
2017-12-17 14:13:12,516 INFO computed shortest path lengths
2017-12-17 14:13:12,633 INFO mean distance: 2.877068047337278
2017-12-17 14:13:12,762 INFO median distance: 3.0
2017-12-17 14:13:12,763 INFO diameter: 8271
2017-12-17 14:13:12,880 INFO effective diameter: 4.0
2017-12-17 14:13:12,884 INFO ## analysis done!
2017-12-17 14:43:08,611 INFO starting project
2017-12-17 14:43:08,611 INFO ## analysing resources/wiki-Vote.txt network
2017-12-17 14:43:08,996 INFO number of nodes in the graph: 7115
2017-12-17 14:43:09,459 INFO nodes and edges of lscc: 1300, 39456
2017-12-17 14:43:10,969 INFO computed shortest path lengths
2017-12-17 14:43:11,049 INFO mean distance: 2.877068047337278
2017-12-17 14:43:11,133 INFO median distance: 3.0
2017-12-17 14:43:11,212 INFO diameter: 9
2017-12-17 14:43:11,301 INFO effective diameter: 4.0
2017-12-17 14:43:11,326 INFO ## analysis done!
2017-12-17 14:44:20,061 INFO starting project
2017-12-17 14:44:20,061 INFO ## analysing resources/wiki-Vote.txt network
2017-12-17 14:44:20,452 INFO number of nodes in the graph: 7115
2017-12-17 14:47:33,700 INFO starting project
2017-12-17 14:47:33,701 INFO ## analysing resources/wiki-Vote.txt network
2017-12-17 14:47:34,074 INFO number of nodes in the graph: 7115
2017-12-17 14:47:34,557 INFO nodes and edges of lwcc: 7066, 103663
2017-12-17 14:50:30,139 INFO computed shortest path lengths
2017-12-17 14:50:32,312 INFO mean distance: 3.247050393567936
2017-12-17 14:50:34,618 INFO median distance: 3.0
2017-12-17 14:50:36,768 INFO diameter: 7
2017-12-17 14:50:39,104 INFO effective diameter: 4.0
2017-12-17 14:50:39,192 INFO ## analysis done!
2017-12-17 14:55:50,247 INFO starting project
2017-12-17 14:55:50,248 INFO ## analysing resources/soc-Epinions1.txt network
2017-12-17 14:55:52,050 INFO number of nodes in the graph: 75879
2017-12-17 15:16:37,031 INFO nodes and edges of lscc: 32223, 443506
2017-12-17 15:32:21,816 INFO starting project
2017-12-17 15:32:21,817 INFO ## analysing resources/soc-Epinions1.txt network
2017-12-17 15:32:23,653 INFO number of nodes in the graph: 75879
2017-12-17 15:32:26,485 INFO nodes and edges of lwcc: 75877, 508836
2017-12-17 17:10:47,405 INFO starting project
2017-12-17 17:10:47,405 INFO ## analysing resources/soc-Epinions1.txt network
2017-12-17 17:10:49,266 INFO number of nodes in the graph: 75879
2017-12-17 17:30:55,849 INFO nodes and edges of lscc: 32223, 443506
2017-12-28 03:29:38,823 INFO starting project
2017-12-28 03:29:46,107 INFO ## analysing /Users/kaushiksurikuchi/Downloads/lscc_1.txt network
2017-12-28 03:30:23,856 INFO starting project
2017-12-28 03:30:31,854 INFO ## analysing /Users/kaushiksurikuchi/Downloads/lscc_1.txt network
2017-12-28 03:30:40,823 INFO number of nodes in the graph: 1300
2017-12-28 03:32:14,633 INFO computed shortest path lengths
2017-12-28 03:32:17,072 INFO mean distance: 2.8692307692307693
2017-12-28 03:32:32,328 INFO median distance: 3.0
2017-12-28 03:32:35,037 INFO diameter: 7
2017-12-28 03:32:41,267 INFO effective diameter: 4.0
2017-12-28 03:32:46,105 INFO ## analysis done!
2017-12-28 13:24:52,825 INFO starting project
2017-12-28 13:24:52,826 INFO ## analysing /Users/kaushiksurikuchi/Downloads/lscc_1.txt network
2017-12-28 13:25:06,024 INFO number of nodes in the graph: 1300
2017-12-28 13:25:21,900 INFO computed shortest path lengths
2017-12-28 13:25:21,915 INFO mean distance: 2.873011834319527
2017-12-28 13:25:21,928 INFO median distance: 3.0
2017-12-28 13:25:21,940 INFO diameter: 8
2017-12-28 13:25:21,954 INFO effective diameter: 4.0
2017-12-28 13:25:35,703 INFO ## analysis done!
2017-12-29 01:33:23,109 INFO starting project
2017-12-29 01:33:23,111 INFO ## analysing /Users/kaushiksurikuchi/Downloads/lscc_1.txt network
2017-12-29 01:33:53,305 INFO Flajolet Martin approximation
2017-12-29 01:34:01,546 INFO number of nodes in the graph: 1300
2017-12-29 01:51:25,425 INFO starting project
2017-12-29 01:51:25,426 INFO ## analysing /Users/kaushiksurikuchi/Downloads/lscc_1.txt network
2017-12-29 01:51:37,565 INFO Flajolet Martin approximation
2017-12-29 01:51:39,781 INFO number of nodes in the graph: 1300
2017-12-29 01:52:55,205 INFO starting project
2017-12-29 01:52:55,205 INFO ## analysing /Users/kaushiksurikuchi/Downloads/lscc_1.txt network
2017-12-29 01:53:03,384 INFO Flajolet Martin approximation
2017-12-29 01:53:04,647 INFO number of nodes in the graph: 1300
2017-12-29 01:59:34,706 INFO starting project
2017-12-29 01:59:34,707 INFO ## analysing /Users/kaushiksurikuchi/Downloads/lscc_1.txt network
2017-12-29 01:59:38,091 INFO Flajolet Martin approximation
2017-12-29 01:59:38,613 INFO number of nodes in the graph: 1300
2017-12-29 02:01:18,915 INFO starting project
2017-12-29 02:01:18,915 INFO ## analysing /Users/kaushiksurikuchi/Downloads/lscc_1.txt network
2017-12-29 02:01:23,757 INFO Flajolet Martin approximation
2017-12-29 02:01:24,249 INFO number of nodes in the graph: 1300
2017-12-29 02:08:55,514 INFO starting project
2017-12-29 02:08:55,515 INFO ## analysing /Users/kaushiksurikuchi/Downloads/lscc_1.txt network
2017-12-29 02:08:58,496 INFO Flajolet Martin approximation
2017-12-29 02:08:59,020 INFO number of nodes in the graph: 1300
2017-12-29 02:09:50,501 INFO starting project
2017-12-29 02:09:50,501 INFO ## analysing /Users/kaushiksurikuchi/Downloads/lscc_1.txt network
2017-12-29 02:09:56,214 INFO Flajolet Martin approximation
2017-12-29 02:09:56,707 INFO number of nodes in the graph: 1300
2017-12-29 02:10:24,512 INFO ## analysis done!
2017-12-29 02:35:39,170 INFO starting project
2017-12-29 02:35:39,171 INFO ## analysing /Users/kaushiksurikuchi/Downloads/lscc_1.txt network
2017-12-29 02:35:53,861 INFO Flajolet Martin approximation
2017-12-29 02:35:55,774 INFO number of nodes in the graph: 1300
2017-12-29 02:36:43,628 INFO starting project
2017-12-29 02:36:43,628 INFO ## analysing /Users/kaushiksurikuchi/Downloads/lscc_1.txt network
2017-12-29 02:36:47,963 INFO Flajolet Martin approximation
2017-12-29 02:36:49,931 INFO number of nodes in the graph: 1300
2017-12-29 02:41:18,895 INFO starting project
2017-12-29 02:41:18,899 INFO ## analysing /Users/kaushiksurikuchi/Downloads/lscc_1.txt network
2017-12-29 02:41:21,511 INFO Flajolet Martin approximation
2017-12-29 02:41:22,097 INFO number of nodes in the graph: 1300
2017-12-29 02:43:15,904 INFO starting project
2017-12-29 02:43:15,904 INFO ## analysing /Users/kaushiksurikuchi/Downloads/lscc_1.txt network
2017-12-29 02:43:23,385 INFO Flajolet Martin approximation
2017-12-29 02:43:23,928 INFO number of nodes in the graph: 1300
2017-12-29 02:49:17,504 INFO starting project
2017-12-29 02:49:17,504 INFO ## analysing /Users/kaushiksurikuchi/Downloads/lscc_1.txt network
2017-12-29 02:49:25,664 INFO Flajolet Martin approximation
2017-12-29 02:49:28,690 INFO number of nodes in the graph: 1300
2017-12-29 02:50:14,942 INFO starting project
2017-12-29 02:50:14,943 INFO ## analysing /Users/kaushiksurikuchi/Downloads/lscc_1.txt network
2017-12-29 02:50:29,881 INFO Flajolet Martin approximation
2017-12-29 02:50:30,385 INFO number of nodes in the graph: 1300
2017-12-29 02:52:12,644 INFO starting project
2017-12-29 02:52:12,644 INFO ## analysing /Users/kaushiksurikuchi/Downloads/lscc_1.txt network
2017-12-29 02:52:17,196 INFO Flajolet Martin approximation
2017-12-29 02:52:17,697 INFO number of nodes in the graph: 1300
2017-12-29 02:55:04,074 INFO starting project
2017-12-29 02:55:04,075 INFO ## analysing /Users/kaushiksurikuchi/Downloads/lscc_1.txt network
2017-12-29 02:55:07,397 INFO Flajolet Martin approximation
2017-12-29 02:55:07,899 INFO number of nodes in the graph: 1300
2017-12-29 02:56:11,806 INFO starting project
2017-12-29 02:56:11,807 INFO ## analysing /Users/kaushiksurikuchi/Downloads/lscc_1.txt network
2017-12-29 02:56:14,774 INFO Flajolet Martin approximation
2017-12-29 02:56:15,301 INFO number of nodes in the graph: 1300
2017-12-29 03:05:04,977 INFO starting project
2017-12-29 03:05:04,977 INFO ## analysing /Users/kaushiksurikuchi/Downloads/lscc_1.txt network
2017-12-29 03:12:23,443 INFO starting project
2017-12-29 03:12:23,443 INFO ## analysing /Users/kaushiksurikuchi/Downloads/lscc_1.txt network
2017-12-29 03:12:28,127 INFO Flajolet Martin approximation
2017-12-29 03:12:28,628 INFO number of nodes in the graph: 1300
2017-12-29 03:18:34,907 INFO starting project
2017-12-29 03:18:34,907 INFO ## analysing /Users/kaushiksurikuchi/Downloads/lscc_1.txt network
2017-12-29 03:18:52,291 INFO starting project
2017-12-29 03:18:52,292 INFO ## analysing /Users/kaushiksurikuchi/Downloads/lscc_1.txt network
2017-12-29 03:19:01,270 INFO Flajolet Martin approximation
2017-12-29 03:19:01,778 INFO number of nodes in the graph: 1300
2017-12-29 03:24:44,754 INFO starting project
2017-12-29 03:24:44,755 INFO ## analysing /Users/kaushiksurikuchi/Downloads/lscc_1.txt network
2017-12-29 03:24:49,246 INFO Flajolet Martin approximation
2017-12-29 03:24:49,760 INFO number of nodes in the graph: 1300
2017-12-29 03:52:45,893 INFO starting project
2017-12-29 03:52:45,894 INFO ## analysing /Users/kaushiksurikuchi/Downloads/lscc_1.txt network
2017-12-29 03:52:51,051 INFO Flajolet Martin approximation
2017-12-29 03:52:53,812 INFO number of nodes in the graph: 1300
2017-12-29 03:55:30,111 INFO starting project
2017-12-29 03:55:30,112 INFO ## analysing /Users/kaushiksurikuchi/Downloads/lscc_1.txt network
2017-12-29 03:55:34,189 INFO Flajolet Martin approximation
2017-12-29 03:55:35,352 INFO number of nodes in the graph: 1300
2017-12-29 04:05:17,529 INFO starting project
2017-12-29 04:05:17,530 INFO ## analysing /Users/kaushiksurikuchi/Downloads/lscc_1.txt network
2017-12-29 04:06:18,217 INFO Flajolet Martin approximation
2017-12-29 04:06:26,778 INFO number of nodes in the graph: 1300
2017-12-29 04:16:19,331 INFO starting project
2017-12-29 04:16:19,332 INFO ## analysing /Users/kaushiksurikuchi/Downloads/lscc_1.txt network
2017-12-29 04:16:26,694 INFO Flajolet Martin approximation
2017-12-29 04:16:27,990 INFO number of nodes in the graph: 1300
2017-12-29 04:17:46,898 INFO starting project
2017-12-29 04:17:46,898 INFO ## analysing /Users/kaushiksurikuchi/Downloads/lscc_1.txt network
2017-12-29 04:17:54,008 INFO Flajolet Martin approximation
2017-12-29 04:17:55,095 INFO number of nodes in the graph: 1300
2017-12-29 04:19:46,965 INFO starting project
2017-12-29 04:19:46,966 INFO ## analysing /Users/kaushiksurikuchi/Downloads/lscc_1.txt network
2017-12-29 04:19:49,099 INFO Flajolet Martin approximation
2017-12-29 04:19:50,586 INFO number of nodes in the graph: 1300
2017-12-29 04:21:43,384 INFO starting project
2017-12-29 04:21:43,385 INFO ## analysing /Users/kaushiksurikuchi/Downloads/lscc_1.txt network
2017-12-29 04:22:03,062 INFO starting project
2017-12-29 04:22:03,063 INFO ## analysing /Users/kaushiksurikuchi/Downloads/lscc_1.txt network
2017-12-29 04:22:19,833 INFO Flajolet Martin approximation
2017-12-29 04:22:20,781 INFO number of nodes in the graph: 1300
2017-12-29 04:23:38,897 INFO starting project
2017-12-29 04:23:38,898 INFO ## analysing /Users/kaushiksurikuchi/Downloads/lscc_1.txt network
2017-12-29 04:23:52,444 INFO Flajolet Martin approximation
2017-12-29 04:23:53,733 INFO number of nodes in the graph: 1300
2017-12-29 04:32:07,618 INFO starting project
2017-12-29 04:32:07,619 INFO ## analysing /Users/kaushiksurikuchi/Downloads/lscc_1.txt network
2017-12-29 04:32:19,128 INFO Flajolet Martin approximation
2017-12-29 04:32:21,265 INFO number of nodes in the graph: 1300
2017-12-29 04:34:26,134 INFO ## analysis done!
2017-12-29 04:35:17,883 INFO starting project
2017-12-29 04:35:17,883 INFO ## analysing /Users/kaushiksurikuchi/Downloads/lscc_1.txt network
2017-12-29 04:35:17,883 INFO Flajolet Martin approximation
2017-12-29 04:35:18,439 INFO number of nodes in the graph: 1300
2017-12-29 04:35:34,426 INFO ## analysis done!
2017-12-29 04:38:09,661 INFO starting project
2017-12-29 04:38:09,661 INFO ## analysing /Users/kaushiksurikuchi/Downloads/lscc_1.txt network
2017-12-29 04:38:09,661 INFO Flajolet Martin approximation
2017-12-29 04:38:12,106 INFO number of nodes in the graph: 1300
2017-12-29 04:39:16,861 INFO diameter of the component: 8
2017-12-29 04:39:16,863 INFO mean distance of the component: 1937658150494324391936
2017-12-29 04:39:16,895 INFO ## analysis done!
2017-12-29 04:43:31,082 INFO starting project
2017-12-29 04:43:31,083 INFO ## analysing /Users/kaushiksurikuchi/Downloads/lscc_1.txt network
2017-12-29 04:43:36,194 INFO Flajolet Martin approximation
2017-12-29 04:43:43,980 INFO number of nodes in the graph: 1300
